PP 5655-EC6 IBM Enterprise COBOL for z/OS  6.1.0 P160603                 Date 10/26/2020  Time 08:20:17   Page     1

Invocation parameters:
 LIB,CICS,SQL,ADATA,EX(ADX(ELAXMGUX)),TEST

        IGYOS4090-I   The "LIB" option specification is no longer required.  COBOL library processing is always in effect.


Options in effect:
   ADATA
   ADV
   AFP(VOLATILE)
   QUOTE
   ARCH(7)
   ARITH(COMPAT)
 NOAWO
 NOBLOCK0
   BUFSIZE(4096)
   CICS
   CODEPAGE(1140)
 NOCOMPILE(S)
 NOCOPYRIGHT
 NOCURRENCY
   DATA(31)
   DBCS
 NODECK
 NODIAGTRUNC
   DISPSIGN(COMPAT)
 NODLL
 NODUMP
 NODYNAM
   EXIT(NOINEXIT,NOPRTEXIT,NOLIBEXIT,ADEXIT(ELAXMGUX),NOMSGEXIT)
 NOEXPORTALL
 NOFASTSRT
   FLAG(I,I)
 NOFLAGSTD
   HGPR(PRESERVE)
   INTDATE(ANSI)
   LANGUAGE(EN)
   LINECOUNT(60)
 NOLIST
 NOMAP
   MAXPCF(60000)
 NOMDECK
 NONAME
   NSYMBOL(NATIONAL)
 NONUMBER
   NUMPROC(NOPFD)
   OBJECT
 NOOFFSET
   OPTIMIZE(0)
   OUTDD(SYSOUT)
   PGMNAME(COMPAT)
   QUALIFY(COMPAT)
   RENT
   RMODE(AUTO)
 NORULES
 NOSERVICE
   SEQUENCE
   SOURCEPP 5655-EC6 IBM Enterprise COBOL for z/OS  6.1.0 P160603                 Date 10/26/2020  Time 08:20:17   Page     2

   SPACE(1)
   SQL
   SQLCCSID
 NOSQLIMS
 NOSSRANGE
 NOSTGOPT
   SUPPRESS
 NOTERM
   TEST(NOEJPD,SOURCE)
 NOTHREAD
   TRUNC(STD)
 NOVBREF
   VLR(STANDARD)
   VSAMOPENFS(COMPAT)
 NOWORD
   XMLPARSE(XMLSS)
   XREF(FULL)
 NOZONECHECK
   ZONEDATA(PFD)
   ZWB

        IGYOS4077-I   DSNH4790I DSNHPSRV  DSNHDECP HAS CCSID 500 IN EFFECT


        IGYOS4078-W   DSNH4791I DSNHPSRV  CCSID 1140 IS USED TO PROCESS SQL, BUT DSNHDECP HAS EBCDIC CCSID 500 IN EFFECT


        IGYOS4078-W   DSNH527I DSNHOPTS  THE PRECOMPILER OR DB2 COPROCESSOR ATTEMPTED TO USE THE DB2-SUPPLIED DSNHDECP MODULE.


        IGYOS4077-I   DSNH4760I DSNHPSRV  THE DB2 SQL COPROCESSOR IS USING THE LEVEL 2 INTERFACE UNDER DB2 V11



SQL Options in effect:
 ATTACH(TSO)
 CCSID(1140)
 CONNECT(2)
 DEC(15)
 DECP(DSNHDECP)
 NEWFUN(V11)
 ONEPASS
 PERIOD
 QUOTESQL
 STDSQL(NO)
 SQL(DB2)
 NOXREF
 NO SOURCE
 DSNHDECP LOADED FROM - (DSNB10.SDSNLOAD(DSNHDECP))


CICS Options in effect:
 CICS
 DEBUG
 EDF
 NATLANG(EN)
 APOST
 NOSYSEIBPP 5655-EC6 IBM Enterprise COBOL for z/OS  6.1.0 P160603                 Date 10/26/2020  Time 08:20:17   Page     3

 NOFEPI
 NOCPSM
 LINKAGE
 LENGTH
 COBOL2PP 5655-EC6 IBM Enterprise COBOL for z/OS  6.1.0 P160603       HCIPDB01  Date 10/26/2020  Time 08:20:17   Page     4
  LineID  PL SL  ----+-*A-1-B--+----2----+----3----+----4----+----5----+----6----+----7-|--+----8 Map and Cross Reference

/* HCIPDB01
  000001               *****************************************************************
  000002               * Used on CICS trx HCAZ
  000003               * invoked hen selecting option 2 - Inquire Patient
  000004               * Changed Oct 23 2020 -   19:28
  000005               *  Look for %bug to introdude a  bug  or CA-FIRST-NAME
  000006               ******************************************************************
  000007                IDENTIFICATION DIVISION.
  000008                PROGRAM-ID. HCIPDB01.
  000009                ENVIRONMENT DIVISION.
  000010                CONFIGURATION SECTION.
  000011                DATA DIVISION.
  000012                WORKING-STORAGE SECTION.
  000013               *----------------------------------------------------------------*
  000014               * Common defintions                                              *
  000015               *----------------------------------------------------------------*
  000016               * Run time (debug) infomation for this invocation
  000017                 01  WS-HEADER.                                                           * *
  000018                    03 WS-EYECATCHER            PIC X(26)
  000019                                                 VALUE 'HCIPDB01------WS'.
  000020                    03 WS-TRANSID               PIC X(4).
  000021                    03 WS-TERMID                PIC X(4).
  000022                    03 WS-TASKNUM               PIC 9(7).
  000023                    03 WS-FILLER                PIC X.
  000024                    03 WS-ADDR-DFHCOMMAREA      USAGE is POINTER.
  000025                    03 WS-CALEN                 PIC S9(4) COMP.
  000026               *----------------------------------------------------------------*
  000027                COPY HCERRSWS.
  000028C              * Error handler - changed April 29 2020 1:50PM
  000029C               01 HCAZERRS           PIC x(8) Value 'HCAZERRS'.
  000030C
  000031C              * Variables for time/date processing
  000032C               01  WS-ABSTIME                  PIC S9(8) COMP VALUE +0.
  000033C               01  WS-TIME                     PIC X(8)  VALUE SPACES.                   IMP
  000034C               01  WS-DATE                     PIC X(10) VALUE SPACES.                   IMP
  000035C
  000036C              * Error Message structure
  000037C               01  ERROR-MSG.
  000038C                   03 EM-DATE                  PIC X(8)  VALUE SPACES.                   IMP
  000039C                   03 FILLER                   PIC X     VALUE SPACES.                   IMP
  000040C                   03 EM-TIME                  PIC X(6)  VALUE SPACES.                   IMP
  000041C                   03 FILLER                   PIC X(9)  VALUE ' HCP1BI01'.
  000042C                   03 EM-VARIABLE.
  000043C                     05 FILLER                 PIC X(6)  VALUE ' PNUM='.
  000044C                     05 EM-PATNUM              PIC X(10)  VALUE SPACES.                  IMP
  000045C                     05 FILLER                 PIC X(6)  VALUE ' MNUM='.
  000046C                     05 EM-MEDNUM              PIC X(10)  VALUE SPACES.                  IMP
  000047C                     05 EM-SQLREQ              PIC X(16) VALUE SPACES.                   IMP
  000048C                     05 FILLER                 PIC X(9)  VALUE ' SQLCODE='.
  000049C                     05 EM-SQLRC               PIC +9(5) USAGE DISPLAY.
  000050C
  000051C               01 CA-ERROR-MSG.
  000052C                   03 FILLER                PIC X(9)  VALUE 'COMMAREA='.
  000053C                   03 CA-DATA               PIC X(90) VALUE SPACES.                      IMP
  000054               *----------------------------------------------------------------*
  000055               * Fields to be used to calculate if commarea is large enough
  000056                01  WS-COMMAREA-LENGTHS.PP 5655-EC6 IBM Enterprise COBOL for z/OS  6.1.0 P160603       HCIPDB01  Date 10/26/2020  Time 08:20:17   Page     5
  LineID  PL SL  ----+-*A-1-B--+----2----+----3----+----4----+----5----+----6----+----7-|--+----8 Map and Cross Reference

  000057                    03 WS-CA-HEADERTRAILER-LEN  PIC S9(4) COMP VALUE +18.
  000058                    03 WS-REQUIRED-CA-LEN       PIC S9(4)      VALUE +0.
  000059               *----------------------------------------------------------------*
  000060               * Definitions required by SQL statement                          *
  000061               *   DB2 datatypes to COBOL equivalents                           *
  000062               *     SMALLINT    :   PIC S9(4) COMP                             *
  000063               *     INTEGER     :   PIC S9(9) COMP                             *
  000064               *     DATE        :   PIC X(10)                                  *
  000065               *     TIMESTAMP   :   PIC X(26)                                  *
  000066               *----------------------------------------------------------------*
  000067               * Host variables for input to DB2 integer types
  000068                01  DB2-IN.
  000069                    03 DB2-PATIENT-ID           PIC S9(9) COMP.
  000070               *----------------------------------------------------------------*
  000071               *    DB2 CONTROL
  000072               *----------------------------------------------------------------*
  000073               * SQLCA DB2 communications area
  000074                    EXEC SQL
  000075                        INCLUDE SQLCA
  000076                    END-EXEC.
  000077C               01 SQLCA GLOBAL VOLATILE.
  000078C                   05 SQLCAID PIC X(8).
  000079C                   05 SQLCABC PIC S9(9) COMP-5.
  000080C                   05 SQLCODE PIC S9(9) COMP-5.
  000081C                   05 SQLERRM.
  000082C                     49 SQLERRML PIC S9(4) COMP-5.
  000083C                     49 SQLERRMC PIC X(70).
  000084C                   05 SQLERRP PIC X(8).
  000085C                   05 SQLERRD PIC s9(9) comp-5
  000086C                              OCCURS 6 TIMES.
  000087C                   05 SQLWARN.
  000088C                     10 SQLWARN0 PIC X.
  000089C                     10 SQLWARN1 PIC X.
  000090C                     10 SQLWARN2 PIC X.
  000091C                     10 SQLWARN3 PIC X.
  000092C                     10 SQLWARN4 PIC X.
  000093C                     10 SQLWARN5 PIC X.
  000094C                     10 SQLWARN6 PIC X.
  000095C                     10 SQLWARN7 PIC X.
  000096C                   05 SQLEXT.
  000097C                     10 SQLWARN8 PIC X.
  000098C                     10 SQLWARN9 PIC X.
  000099C                     10 SQLWARNA PIC X.
  000100C                     10 SQLSTATE PIC X(5).
  000101               ******************************************************************
  000102               *    L I N K A G E     S E C T I O N
  000103               ******************************************************************
  000104                LINKAGE SECTION.
  000105                01  DFHCOMMAREA.
  000106                    EXEC SQL
  000107                      INCLUDE HCCMAREA
  000108                    END-EXEC.
  000109C              ******************************************************************
  000110C              * Modificado em Oct 26 - 09:40   Regi *
  000111C              ******************************************************************
  000112C                   03 CA-REQUEST-ID            PIC X(6).
  000113C                   03 CA-RETURN-CODE           PIC 9(2).PP 5655-EC6 IBM Enterprise COBOL for z/OS  6.1.0 P160603       HCIPDB01  Date 10/26/2020  Time 08:20:17   Page     6
  LineID  PL SL  ----+-*A-1-B--+----2----+----3----+----4----+----5----+----6----+----7-|--+----8 Map and Cross Reference

  000114C                   03 CA-PATIENT-ID            PIC 9(10).
  000115C                   03 CA-REQUEST-SPECIFIC      PIC X(32482).
  000116C              *    Fields used in INQ All and ADD patient
  000117C                   03 CA-PATIENT-REQUEST REDEFINES CA-REQUEST-SPECIFIC.                  115
  000118C                      05 CA-INS-CARD-NUM       PIC X(10).
  000119C              *        05 CA-FIRST-NAME         PIC X(12).
  000120C                      05 CA-FIRST-NAME         PIC X(10).
  000121C                      05 CA-LAST-NAME          PIC X(20).
  000122C                      05 CA-DOB                PIC X(10).
  000123C                      05 CA-ADDRESS            PIC X(20).
  000124C                      05 CA-CITY               PIC X(20).
  000125C                      05 CA-POSTCODE           PIC X(10).
  000126C                      05 CA-PHONE-MOBILE       PIC X(20).
  000127C                      05 CA-EMAIL-ADDRESS      PIC X(50).
  000128C                      05 CA-USERID             PIC X(10).
  000129C                      05 CA-ADDITIONAL-DATA    PIC X(32302).
  000130C              *        05 CA-ADDITIONAL-DATA    PIC X(32300).
  000131C              *    Fields used in Add Patient User
  000132C                   03 CA-PATIENT-USER-REQUEST REDEFINES CA-REQUEST-SPECIFIC.             115
  000133C                      05 CA-USERNAME           PIC X(10).
  000134C                      05 CA-USERPASSWORD       PIC X(14).
  000135C                      05 CA-ADDITIONAL-DATA    PIC X(32458).
  000136C              *     Fields used in UPD, ADD & DELETE medication
  000137C                   03 CA-MEDICATION-REQUEST REDEFINES CA-REQUEST-SPECIFIC.               115
  000138C                      05 CA-DRUG-NAME          PIC X(50).
  000139C                      05 CA-STRENGTH           PIC X(20).
  000140C                      05 CA-AMOUNT             PIC 9(03).
  000141C                      05 CA-ROUTE              PIC X(20).
  000142C                      05 CA-FREQUENCY          PIC X(20).
  000143C                      05 CA-IDENTIFIER         PIC X(20).
  000144C                      05 CA-BIOMED-TYPE        PIC X(2).
  000145C                      05 CA-START-DATE         PIC X(10).
  000146C                      05 CA-END-DATE           PIC X(10).
  000147C                      05 CA-PRESCRIPTION-ID    PIC 9(10).
  000148C                      05 CA-ADDITIONAL-DATA    PIC X(32317).
  000149C              *    Fields used in UPD, ADD & DELETE meditation
  000150C                   03 CA-MEDITATION-REQUEST REDEFINES CA-REQUEST-SPECIFIC.               115
  000151C                      05 CA-MEDITATION-NAME    PIC X(50).
  000152C                      05 CA-MEDITATION-TYPE    PIC X(20).
  000153C                      05 CA-RELIEF             PIC X(20).
  000154C                      05 CA-POSTURE            PIC X(20).
  000155C                      05 CA-HOW-OFTEN          PIC X(20).
  000156C                      05 CA-ADDITIONAL-DATA    PIC X(32352).
  000157C              *    Fields used in INQ, UPD, ADD & DELETE thresholds
  000158C                   03 CA-THRESHOLD-REQUEST REDEFINES CA-REQUEST-SPECIFIC.                115
  000159C                      05 CA-HR-THRESHOLD       PIC X(10).
  000160C                      05 CA-BP-THRESHOLD       PIC X(10).
  000161C                      05 CA-MS-THRESHOLD       PIC X(10).
  000162C                      05 CA-ADDITIONAL-DATA    PIC X(32452).
  000163C              *    Fields used in INQ, UPD, ADD & DELETE visit data
  000164C                   03 CA-VISIT-REQUEST REDEFINES CA-REQUEST-SPECIFIC.                    115
  000165C                      05 CA-VISIT-DATE         PIC X(10).
  000166C                      05 CA-VISIT-TIME         PIC X(10).
  000167C                      05 CA-HEART-RATE         PIC X(10).
  000168C                      05 CA-BLOOD-PRESSURE     PIC X(10).
  000169C                      05 CA-MENTAL-STATE       PIC X(10).
  000170C                      05 CA-ADDITIONAL-DATA    PIC X(32432).PP 5655-EC6 IBM Enterprise COBOL for z/OS  6.1.0 P160603       HCIPDB01  Date 10/26/2020  Time 08:20:17   Page     7
  LineID  PL SL  ----+-*A-1-B--+----2----+----3----+----4----+----5----+----6----+----7-|--+----8 Map and Cross Reference

  000171               ******************************************************************
  000172               *    P R O C E D U R E S
  000173               ******************************************************************
  000174                PROCEDURE DIVISION.                                                       105
  000175               *----------------------------------------------------------------*
  000176                MAINLINE SECTION.
  000177               *----------------------------------------------------------------*
  000178               * Common code                                                    *
  000179               *----------------------------------------------------------------*
  000180               * initialize working storage variables
  000181                    INITIALIZE WS-HEADER.                                                 17
  000182               * set up general variable
  000183                    MOVE EIBTRNID TO WS-TRANSID.                                          IMP 20
  000184                    MOVE EIBTRMID TO WS-TERMID.                                           IMP 21
  000185                    MOVE EIBTASKN TO WS-TASKNUM.                                          IMP 22
  000186               *----------------------------------------------------------------*
  000187               * Check commarea and obtain required details                     *
  000188               *----------------------------------------------------------------*
  000189               * If NO commarea received issue an ABEND
  000190                    IF EIBCALEN IS EQUAL TO ZERO                                          IMP IMP
  000191      1                 MOVE ' NO COMMAREA RECEIVED' TO EM-VARIABLE                       42
  000192      1                 PERFORM WRITE-ERROR-MESSAGE                                       279
  000193      1                 EXEC CICS ABEND ABCODE('HCCA') NODUMP END-EXEC                    EXT IMP
  000194                    END-IF
  000195               * initialize commarea return code to zero
  000196                    MOVE '00' TO CA-RETURN-CODE                                           113
  000197                    MOVE EIBCALEN TO WS-CALEN.                                            IMP 25
  000198                    SET WS-ADDR-DFHCOMMAREA TO ADDRESS OF DFHCOMMAREA.                    24 IMP 105
  000199               * initialize DB2 host variables
  000200               *    INITIALIZE DB2-IN-INTEGERS.
  000201               *----------------------------------------------------------------*
  000202               * Process incoming commarea                                      *
  000203               *----------------------------------------------------------------*
  000204               * check commarea length - meets minimum requirement
  000205                    ADD WS-CA-HEADERTRAILER-LEN TO WS-REQUIRED-CA-LEN                     57 58
  000206               * if less set error return code and return to caller
  000207                    IF EIBCALEN IS LESS THAN WS-REQUIRED-CA-LEN                           IMP 58
  000208      1               MOVE '98' TO CA-RETURN-CODE                                         113
  000209      1               EXEC CICS RETURN END-EXEC                                           EXT
  000210                    END-IF
  000211               * Convert commarea patient id to DB2 integer format
  000212                    MOVE CA-PATIENT-ID TO DB2-PATIENT-ID                                  114 69
  000213               * and save in error msg field incase required
  000214                    MOVE CA-PATIENT-ID TO EM-PATNUM                                       114 44
  000215               *----------------------------------------------------------------*
  000216               * Obtain details from DB2                                        *
  000217               *----------------------------------------------------------------*
  000218               *    Call routine to issue SQL to obtain info from DB2
  000219                    PERFORM GET-PATIENT-INFO.                                             228
  000220               *----------------------------------------------------------------*
  000221               * END PROGRAM and return to caller                               *
  000222               *----------------------------------------------------------------*
  000223                MAINLINE-END.
  000224                    EXEC CICS RETURN END-EXEC.                                            EXT
  000225                MAINLINE-EXIT.
  000226                    EXIT.
  000227               *----------------------------------------------------------------*PP 5655-EC6 IBM Enterprise COBOL for z/OS  6.1.0 P160603       HCIPDB01  Date 10/26/2020  Time 08:20:17   Page     8
  LineID  PL SL  ----+-*A-1-B--+----2----+----3----+----4----+----5----+----6----+----7-|--+----8 Map and Cross Reference

  000228                GET-PATIENT-INFO.
  000229                    EXEC SQL
  000230                        SELECT FIRSTNAME,
  000231                               LASTNAME,
  000232                               DATEOFBIRTH,
  000233                               insCardNumber,
  000234                               ADDRESS,
  000235                               CITY,
  000236                               POSTCODE,
  000237                               PHONEMOBILE,
  000238                               EMAILADDRESS,
  000239                               USERNAME
  000240                        INTO  :CA-FIRST-NAME,                                             120
  000241                              :CA-LAST-NAME,                                              121
  000242                              :CA-DOB,                                                    122
  000243                              :CA-INS-CARD-NUM,                                           118
  000244                              :CA-ADDRESS,                                                123
  000245                              :CA-CITY,                                                   124
  000246                              :CA-POSTCODE,                                               125
  000247                              :CA-PHONE-MOBILE,                                           126
  000248                              :CA-EMAIL-ADDRESS,                                          127
  000249                              :CA-USERID                                                  128
  000250                        FROM PATIENT
  000251                        WHERE PATIENTID = :DB2-PATIENT-ID                                 69
  000252                        END-EXEC.                                                         EXT IMP
  000253                    Evaluate SQLCODE                                                      80
  000254                      When 0
  000255      1                 MOVE '00' TO CA-RETURN-CODE                                       113
  000256                      When 100
  000257      1                 MOVE '01' TO CA-RETURN-CODE                                       113
  000258                      When -913
  000259      1                 MOVE '01' TO CA-RETURN-CODE                                       113
  000260                      When Other
  000261      1                 MOVE '90' TO CA-RETURN-CODE                                       113
  000262      1                 PERFORM WRITE-ERROR-MESSAGE                                       279
  000263      1                 EXEC CICS RETURN END-EXEC                                         EXT
  000264                    END-Evaluate.
  000265               * %bug -- the line below will introduce a BUG
  000266               *----------------------------------------------------------------*
  000267               *         IF DB2-PATIENT-ID = 1
  000268               *              MOVE "BAD NAME" to CA-FIRST-NAME
  000269               *         END-IF
  000270               *----------------------------------------------------------------*
  000271                    EXIT.
  000272               *----------------------------------------------------------------*
  000273                COPY HCERRSPD.
  000274C              *================================================================*
  000275C              * Procedure to write error message to Queues                     *
  000276C              *   message will include Date, Time, Program Name, Patient Id,   *
  000277C              *   Medication Id and SQLCODE.                                   *
  000278C              *================================================================*
  000279C               WRITE-ERROR-MESSAGE.
  000280C              * Obtain and format current time and date
  000281C                   EXEC CICS ASKTIME ABSTIME(WS-ABSTIME)
  000282C                   END-EXEC                                                              EXT 32
  000283C                   EXEC CICS FORMATTIME ABSTIME(WS-ABSTIME)
  000284C                             MMDDYYYY(WS-DATE)PP 5655-EC6 IBM Enterprise COBOL for z/OS  6.1.0 P160603       HCIPDB01  Date 10/26/2020  Time 08:20:17   Page     9
  LineID  PL SL  ----+-*A-1-B--+----2----+----3----+----4----+----5----+----6----+----7-|--+----8 Map and Cross Reference

  000285C                             TIME(WS-TIME)
  000286C                   END-EXEC                                                              EXT 34
  000287C                   MOVE WS-DATE TO EM-DATE                                               34 38
  000288C                   MOVE WS-TIME TO EM-TIME                                               33 40
  000289C              * Write output message to TDQ
  000290C                   EXEC CICS LINK PROGRAM(HCAZERRS)
  000291C                             COMMAREA(ERROR-MSG)
  000292C                             LENGTH(LENGTH OF ERROR-MSG)
  000293C                   END-EXEC.                                                             EXT IMP
  000294C              * Write 90 bytes or as much as we have of commarea to TDQ
  000295C                   IF EIBCALEN > 0 THEN                                                  IMP
  000296C     1               IF EIBCALEN < 91 THEN                                               IMP
  000297C     2                 MOVE DFHCOMMAREA(1:EIBCALEN) TO CA-DATA                           105 IMP 53
  000298C     2                 EXEC CICS LINK PROGRAM(HCAZERRS)
  000299C     2                           COMMAREA(CA-ERROR-MSG)
  000300C     2                           LENGTH(LENGTH OF CA-ERROR-MSG)
  000301C     2                 END-EXEC                                                          EXT IMP
  000302C     1               ELSE
  000303C     2                 MOVE DFHCOMMAREA(1:90) TO CA-DATA                                 105 53
  000304C     2                 EXEC CICS LINK PROGRAM(HCAZERRS)
  000305C     2                           COMMAREA(CA-ERROR-MSG)
  000306C     2                           LENGTH(LENGTH OF CA-ERROR-MSG)
  000307C     2                 END-EXEC                                                          EXT IMP
  000308C     1               END-IF
  000309C                   END-IF.
  000310C                   EXIT.

==000310==> IGYSC0208-I DSNH050I DSNHPSRV  WARNINGS HAVE BEEN SUPPRESSED DUE TO LACK OF TABLE
                        DECLARATIONS

*/ HCIPDB01PP 5655-EC6 IBM Enterprise COBOL for z/OS  6.1.0 P160603       HCIPDB01  Date 10/26/2020  Time 08:20:17   Page    10

An "M" preceding a data-name reference indicates that the data-name is modified by this reference.

 Defined   Cross-reference of data names   References

     129   CA-ADDITIONAL-DATA
     135   CA-ADDITIONAL-DATA
     148   CA-ADDITIONAL-DATA
     156   CA-ADDITIONAL-DATA
     162   CA-ADDITIONAL-DATA
     170   CA-ADDITIONAL-DATA
     123   CA-ADDRESS . . . . . . . . . .  244
     140   CA-AMOUNT
     144   CA-BIOMED-TYPE
     168   CA-BLOOD-PRESSURE
     160   CA-BP-THRESHOLD
     124   CA-CITY. . . . . . . . . . . .  245
      53   CA-DATA. . . . . . . . . . . .  M297 M303
     122   CA-DOB . . . . . . . . . . . .  242
     138   CA-DRUG-NAME
     127   CA-EMAIL-ADDRESS . . . . . . .  248
     146   CA-END-DATE
      51   CA-ERROR-MSG
     120   CA-FIRST-NAME. . . . . . . . .  240
     142   CA-FREQUENCY
     167   CA-HEART-RATE
     155   CA-HOW-OFTEN
     159   CA-HR-THRESHOLD
     143   CA-IDENTIFIER
     118   CA-INS-CARD-NUM. . . . . . . .  243
     121   CA-LAST-NAME . . . . . . . . .  241
     137   CA-MEDICATION-REQUEST
     151   CA-MEDITATION-NAME
     150   CA-MEDITATION-REQUEST
     152   CA-MEDITATION-TYPE
     169   CA-MENTAL-STATE
     161   CA-MS-THRESHOLD
     114   CA-PATIENT-ID. . . . . . . . .  212 214
     117   CA-PATIENT-REQUEST
     132   CA-PATIENT-USER-REQUEST
     126   CA-PHONE-MOBILE. . . . . . . .  247
     125   CA-POSTCODE. . . . . . . . . .  246
     154   CA-POSTURE
     147   CA-PRESCRIPTION-ID
     153   CA-RELIEF
     112   CA-REQUEST-ID
     115   CA-REQUEST-SPECIFIC. . . . . .  117 132 137 150 158 164
     113   CA-RETURN-CODE . . . . . . . .  M196 M208 M255 M257 M259 M261
     141   CA-ROUTE
     145   CA-START-DATE
     139   CA-STRENGTH
     158   CA-THRESHOLD-REQUEST
     128   CA-USERID. . . . . . . . . . .  249
     133   CA-USERNAME
     134   CA-USERPASSWORD
     165   CA-VISIT-DATE
     164   CA-VISIT-REQUEST
     166   CA-VISIT-TIME
      68   DB2-INPP 5655-EC6 IBM Enterprise COBOL for z/OS  6.1.0 P160603       HCIPDB01  Date 10/26/2020  Time 08:20:17   Page    11

 Defined   Cross-reference of data names   References


      69   DB2-PATIENT-ID . . . . . . . .  M212 251
       0   DFHB0020 . . . . . . . . . . .  293 301 307
     105   DFHCOMMAREA. . . . . . . . . .  174 198 297 303
       0   DFHC0040 . . . . . . . . . . .  193
       0   EIBCALEN . . . . . . . . . . .  190 197 207 295 296 297
       0   EIBTASKN . . . . . . . . . . .  185
       0   EIBTRMID . . . . . . . . . . .  184
       0   EIBTRNID . . . . . . . . . . .  183
      38   EM-DATE. . . . . . . . . . . .  M287
      46   EM-MEDNUM
      44   EM-PATNUM. . . . . . . . . . .  M214
      49   EM-SQLRC
      47   EM-SQLREQ
      40   EM-TIME. . . . . . . . . . . .  M288
      42   EM-VARIABLE. . . . . . . . . .  M191
      37   ERROR-MSG
      29   HCAZERRS
       0   SQL---PLIST. . . . . . . . . .  252
      77   SQLCA
      79   SQLCABC
      78   SQLCAID
      80   SQLCODE. . . . . . . . . . . .  253
      85   SQLERRD
      81   SQLERRM
      83   SQLERRMC
      82   SQLERRML
      84   SQLERRP
      96   SQLEXT
     100   SQLSTATE
      87   SQLWARN
      99   SQLWARNA
      88   SQLWARN0
      89   SQLWARN1
      90   SQLWARN2
      91   SQLWARN3
      92   SQLWARN4
      93   SQLWARN5
      94   SQLWARN6
      95   SQLWARN7
      97   SQLWARN8
      98   SQLWARN9
      32   WS-ABSTIME . . . . . . . . . .  282
      24   WS-ADDR-DFHCOMMAREA. . . . . .  M198
      57   WS-CA-HEADERTRAILER-LEN. . . .  205
      25   WS-CALEN . . . . . . . . . . .  M197
      56   WS-COMMAREA-LENGTHS
      34   WS-DATE. . . . . . . . . . . .  286 287
      18   WS-EYECATCHER
      23   WS-FILLER
      17   WS-HEADER. . . . . . . . . . .  M181
      58   WS-REQUIRED-CA-LEN . . . . . .  M205 207
      22   WS-TASKNUM . . . . . . . . . .  M185
      21   WS-TERMID. . . . . . . . . . .  M184
      33   WS-TIME. . . . . . . . . . . .  288
      20   WS-TRANSID . . . . . . . . . .  M183PP 5655-EC6 IBM Enterprise COBOL for z/OS  6.1.0 P160603       HCIPDB01  Date 10/26/2020  Time 08:20:17   Page    12

Context usage is indicated by the letter preceding a procedure-name reference.
These letters and their meanings are:
    A = ALTER (procedure-name)
    D = GO TO (procedure-name) DEPENDING ON
    E = End of range of (PERFORM) through (procedure-name)
    G = GO TO (procedure-name)
    P = PERFORM (procedure-name)
    T = (ALTER) TO PROCEED TO (procedure-name)
    U = USE FOR DEBUGGING (procedure-name)

 Defined   Cross-reference of procedures   References

     228   GET-PATIENT-INFO . . . . . . .  P219
     176   MAINLINE
     223   MAINLINE-END
     225   MAINLINE-EXIT
     279   WRITE-ERROR-MESSAGE. . . . . .  P192 P262PP 5655-EC6 IBM Enterprise COBOL for z/OS  6.1.0 P160603       HCIPDB01  Date 10/26/2020  Time 08:20:17   Page    13

 Defined   Cross-reference of programs     References

EXTERNAL   DFHEI1 . . . . . . . . . . . .  193 209 224 263 282 286 293 301 307
EXTERNAL   DSNHLI . . . . . . . . . . . .  252
       8   HCIPDB01PP 5655-EC6 IBM Enterprise COBOL for z/OS  6.1.0 P160603       HCIPDB01  Date 10/26/2020  Time 08:20:17   Page    14


         COPY/BASIS cross-reference of text-names, library names and dataset information

 Text-name Library   File name                                    Concat   ISPF statistics
 (Member)  (DDNAME)  (Dataset name)                               Level    Created         Changed

 HCCMAREA  SYSLIB    IBMUSER.GIT.ZMOBILE.COPY                       0
 HCERRSPD  SYSLIB    IBMUSER.GIT.ZMOBILE.COPY                       0
 HCERRSWS  SYSLIB    IBMUSER.GIT.ZMOBILE.COPY                       0
PP 5655-EC6 IBM Enterprise COBOL for z/OS  6.1.0 P160603       HCIPDB01  Date 10/26/2020  Time 08:20:17   Page    15

LineID  Message code  Message text

        IGYDS0139-W   Diagnostic messages were issued during processing of compiler options.  These messages are located at the
                      beginning of the listing.

   310  IGYSC0208-I   DSNH050I DSNHPSRV  WARNINGS HAVE BEEN SUPPRESSED DUE TO LACK OF TABLE DECLARATIONS


Messages    Total    Informational    Warning    Error    Severe    Terminating

Printed:       7           4              3


* Statistics for COBOL program HCIPDB01:
*    Source records = 918
*    Data Division statements = 289
*    Procedure Division statements = 41
*    Generated COBOL statements = 100
*    Program complexity factor = 148

End of compilation 1,  program HCIPDB01,  highest severity 4.

Return code 4
1z/OS V2 R2 BINDER     08:20:22 MONDAY OCTOBER 26, 2020
 BATCH EMULATOR  JOB(DBBS3   ) STEP(*OMVSEX ) PGM= IEWBLINK
 IEW2278I B352 INVOCATION PARAMETERS - MAP,RENT,COMPAT(PM5)
 IEW2322I 1220  1     INCLUDE OBJECT(HCIPDB01)
 IEW2322I 1220  2       INCLUDE SYSLIB(EQAD3CXT)

1                         *** M O D U L E  M A P ***

 ---------------
 CLASS  C_CODE            LENGTH =     16A8  ATTRIBUTES = CAT,   LOAD, RMODE=ANY
                          OFFSET =        0 IN SEGMENT 001     ALIGN = DBLWORD
 ---------------

  SECTION    CLASS                                      ------- SOURCE --------
   OFFSET   OFFSET  NAME                TYPE    LENGTH  DDNAME   SEQ  MEMBER

                 0  HCIPDB01           CSECT      16A8  OBJECT    01  HCIPDB01
        0        0     HCIPDB01#C         LABEL
        0        0     HCIPDB01           LABEL

 ---------------
 CLASS  C_@@PPA2          LENGTH =        8  ATTRIBUTES = MRG,   LOAD, RMODE=ANY
                          OFFSET =     16A8 IN SEGMENT 001     ALIGN = DBLWORD
 ---------------

             CLASS
            OFFSET  NAME                TYPE    LENGTH   SECTION
                 0  $PRIV00001A      PART             8  HCIPDB01

 ---------------
 CLASS  C_@@CSINIT        LENGTH =        4  ATTRIBUTES = MRG,   LOAD, RMODE=ANY
                          OFFSET =     16B0 IN SEGMENT 001     ALIGN = DBLWORD
 ---------------

             CLASS
            OFFSET  NAME                TYPE    LENGTH   SECTION
                 0  $PRIV00001B      PART             4  HCIPDB01

 ---------------
 CLASS  B_TEXT            LENGTH =     12A2  ATTRIBUTES = CAT,   LOAD, RMODE=ANY
                          OFFSET =     16B8 IN SEGMENT 001     ALIGN = DBLWORD
 ---------------

  SECTION    CLASS                                      ------- SOURCE --------
   OFFSET   OFFSET  NAME                TYPE    LENGTH  DDNAME   SEQ  MEMBER

                 0  EQA00CPM           CSECT        F0  SYSLIB    03  EQAD3CXT

                F0  CEEBXITA           CSECT       5DC  SYSLIB    03  EQAD3CXT

               6D0  IGZXBS61        *  CSECT        10  SYSLIB    02  IGZXBS61

               6E0  CEESG004        *  CSECT        34  SYSLIB    02  CEESG004

               718  IGZXRT1         *  CSECT        12  SYSLIB    02  IGZXRT1

               730  IGZXVMO         *  CSECT        12  SYSLIB    02  IGZXVMO

               748  IGZXCMSG        *  CSECT        12  SYSLIB    02  IGZXCMSG

               760  IGZXPRS         *  CSECT        12  SYSLIB    02  IGZXPRS

               778  DSNCLI          *  CSECT        6C  SYSLIB    04  DSNHLI
        0      778     DSNHLI             LABEL
       30      7A8     DSNWLI             LABEL

1                         *** M O D U L E  M A P ***

  SECTION    CLASS                                      ------- SOURCE --------
   OFFSET   OFFSET  NAME                TYPE    LENGTH  DDNAME   SEQ  MEMBER

               7E8  DFHEAI          *  CSECT        28  SYSLIB    04  DFHEI1
        8      7F0     DFHEI1             LABEL

               810  IGZXBST2        *  CSECT       3FC  SYSLIB    02  IGZXBST2

               C10  CEEBETBL        *  CSECT        28  SYSLIB    02  CEEBETBL

               C38  CEESTART        *  CSECT        B0  SYSLIB    02  CEESTART

               CE8  CEEBPUBT        *  CSECT        70  SYSLIB    02  CEEBPUBT

               D58  CEEBTRM         *  CSECT        A4  SYSLIB    02  CEEBTRM

               E00  CEEBLLST        *  CSECT        5C  SYSLIB    02  CEEBLLST
       10      E10     CEELLIST           LABEL

               E60  CEEBINT         *  CSECT         8  SYSLIB    02  CEEBINT

               E68  CEEARLU         *  CSECT        B8  SYSLIB    02  CEEARLU

               F20  CEEBPIRA        *  CSECT       2A0  SYSLIB    02  CEEINT
        0      F20     CEEINT             LABEL
        0      F20     CEEBPIRB           LABEL
        0      F20     CEEBPIRC           LABEL

              11C0  CEECPYRT        *  CSECT        E2  SYSLIB    02  CEEINT
1                         *** M O D U L E  M A P ***

 ---------------
 CLASS  B_LIT             LENGTH =      100  ATTRIBUTES = CAT,   LOAD, RMODE=ANY
                          OFFSET =     2960 IN SEGMENT 001     ALIGN = DBLWORD
 ---------------

  SECTION    CLASS                                      ------- SOURCE --------
   OFFSET   OFFSET  NAME                TYPE    LENGTH  DDNAME   SEQ  MEMBER

                 0  IEWBLIT            CSECT       100                **NULL**
        0        0     IEWBLIT            LABEL

 ---------------
 CLASS  C_WSA             LENGTH =       B4  ATTRIBUTES = MRG, DEFER , RMODE=ANY
                          OFFSET =        0 IN SEGMENT 002     ALIGN = DBLWORD
 ---------------

             CLASS
            OFFSET  NAME                TYPE    LENGTH   SECTION
                 0  $PRIV00001C      PART            10
                10  HCIPDB01#S       PART            A4  HCIPDB01

 ---------------
 CLASS  C_CEESG003        LENGTH =        0  ATTRIBUTES = CAT, NOLOAD

 ---------------

  SECTION    CLASS                                      ------- SOURCE --------
   OFFSET   OFFSET  NAME                TYPE    LENGTH  DDNAME   SEQ  MEMBER

                 0  HCIPDB01           CSECT         0  OBJECT    01  HCIPDB01

 ---------------
 CLASS  D_INFO            LENGTH =     2531  ATTRIBUTES = CAT, NOLOAD

 ---------------

  SECTION    CLASS                                      ------- SOURCE --------
   OFFSET   OFFSET  NAME                TYPE    LENGTH  DDNAME   SEQ  MEMBER

                 0  HCIPDB01           CSECT      2531  OBJECT    01  HCIPDB01
        0        0     $PRIV000010        LABEL

 ---------------
 CLASS  D_LINE            LENGTH =      2EE  ATTRIBUTES = CAT, NOLOAD

 ---------------

  SECTION    CLASS                                      ------- SOURCE --------
   OFFSET   OFFSET  NAME                TYPE    LENGTH  DDNAME   SEQ  MEMBER

                 0  HCIPDB01           CSECT       2EE  OBJECT    01  HCIPDB01
        0        0     $PRIV000011        LABEL
1                         *** M O D U L E  M A P ***

 ---------------
 CLASS  D_ABREV           LENGTH =      25E  ATTRIBUTES = CAT, NOLOAD

 ---------------

  SECTION    CLASS                                      ------- SOURCE --------
   OFFSET   OFFSET  NAME                TYPE    LENGTH  DDNAME   SEQ  MEMBER

                 0  HCIPDB01           CSECT       25E  OBJECT    01  HCIPDB01
        0        0     $PRIV000012        LABEL

 ---------------
 CLASS  D_ARNGE           LENGTH =       20  ATTRIBUTES = CAT, NOLOAD

 ---------------

  SECTION    CLASS                                      ------- SOURCE --------
   OFFSET   OFFSET  NAME                TYPE    LENGTH  DDNAME   SEQ  MEMBER

                 0  HCIPDB01           CSECT        20  OBJECT    01  HCIPDB01
        0        0     $PRIV000013        LABEL

 ---------------
 CLASS  D_PBNMS           LENGTH =       1F  ATTRIBUTES = CAT, NOLOAD

 ---------------

  SECTION    CLASS                                      ------- SOURCE --------
   OFFSET   OFFSET  NAME                TYPE    LENGTH  DDNAME   SEQ  MEMBER

                 0  HCIPDB01           CSECT        1F  OBJECT    01  HCIPDB01
        0        0     $PRIV000014        LABEL

 ---------------
 CLASS  D_PPA             LENGTH =       1F  ATTRIBUTES = CAT, NOLOAD

 ---------------

  SECTION    CLASS                                      ------- SOURCE --------
   OFFSET   OFFSET  NAME                TYPE    LENGTH  DDNAME   SEQ  MEMBER

                 0  HCIPDB01           CSECT        1F  OBJECT    01  HCIPDB01
        0        0     $PRIV000015        LABEL

 ---------------
 CLASS  D_SRCF            LENGTH =       46  ATTRIBUTES = CAT, NOLOAD

 ---------------

  SECTION    CLASS                                      ------- SOURCE --------
   OFFSET   OFFSET  NAME                TYPE    LENGTH  DDNAME   SEQ  MEMBER

                 0  HCIPDB01           CSECT        46  OBJECT    01  HCIPDB01
        0        0     $PRIV000016        LABEL
        0        0     HCIPDB01#D_SRCF    LABEL
1                         *** M O D U L E  M A P ***

 ---------------
 CLASS  D_SRCTXT          LENGTH =      D60  ATTRIBUTES = CAT, NOLOAD

 ---------------

  SECTION    CLASS                                      ------- SOURCE --------
   OFFSET   OFFSET  NAME                TYPE    LENGTH  DDNAME   SEQ  MEMBER

                 0  HCIPDB01           CSECT       D60  OBJECT    01  HCIPDB01
        0        0     $PRIV000017        LABEL

 ---------------
 CLASS  D_SRCATR          LENGTH =       7D  ATTRIBUTES = CAT, NOLOAD

 ---------------

  SECTION    CLASS                                      ------- SOURCE --------
   OFFSET   OFFSET  NAME                TYPE    LENGTH  DDNAME   SEQ  MEMBER

                 0  HCIPDB01           CSECT        7D  OBJECT    01  HCIPDB01
        0        0     $PRIV000018        LABEL

 ---------------
 CLASS  D_XREF            LENGTH =      566  ATTRIBUTES = CAT, NOLOAD

 ---------------

  SECTION    CLASS                                      ------- SOURCE --------
   OFFSET   OFFSET  NAME                TYPE    LENGTH  DDNAME   SEQ  MEMBER

                 0  HCIPDB01           CSECT       566  OBJECT    01  HCIPDB01
        0        0     $PRIV000019        LABEL
1          ***  DATA SET SUMMARY  ***

 DDNAME    CONCAT   FILE IDENTIFICATION

 OBJECT      01     IBMUSER.GIT.ZMOBILE.OBJ
 SYSLIB      02     CEE.SCEELKED
 SYSLIB      03     EQAE10.SEQAMOD
 SYSLIB      04     DFH540.CICS.SDFHLOAD
1          *** SYMBOL REFERENCES NOT ASSOCIATED WITH ANY ADCON ***

 TYPE   SCOPE   NAME


           *** E N D  O F  M O D U L E  M A P ***



                                 *** O P E R A T I O N   S U M M A R Y   R E P O R T ***

1PROCESSING OPTIONS:

    ALIASES             NO
    ALIGN2              NO
    AMODE               UNSPECIFIED
    CALL                YES
    CASE                UPPER
    COMPAT              ZOSV1R8
    COMPRESS            AUTO
    DCBS                NO
    DYNAM               NO
    EXTATTR             UNSPECIFIED
    EXITS:              NONE
    FILL                NONE
    GID                 UNSPECIFIED
    HOBSET              NO
    INFO                NO
    LET                 04
    LINECT              060
    LIST                SUMMARY
    LISTPRIV            NO
    LONGPARM            NO
    MAP                 YES
    MAXBLK              032760
    MODMAP              NO
    MSGLEVEL            00
    OVLY                NO
    PRINT               YES
    RES                 NO
    REUSABILITY         REENTRANT
    RMODE               UNSPECIFIED
    SIGN                NO
    STORENX             NOREPLACE
    STRIPCL             NO
    STRIPSEC            NO
    SYMTRACE
    TERM                NO
    TRAP                ON
    UID                 UNSPECIFIED
    UPCASE              NO
    WKSPACE             000000K,000000K
    XCAL                NO
    XREF                NO
    ***END OF OPTIONS***




1SAVE OPERATION SUMMARY:

    MEMBER NAME         HCIPDB01
    LOAD LIBRARY        IBMUSER.GIT.ZMOBILE.LOAD
    PROGRAM TYPE        PROGRAM OBJECT(FORMAT 5 OS COMPAT LEVEL z/OS V1R8 )
    VOLUME SERIAL       USER05
    DISPOSITION         REPLACED
    TIME OF SAVE        08.20.23  OCT 26, 2020


1SAVE MODULE ATTRIBUTES:

    AC                  000
    AMODE                31
    COMPRESSION         BINDER DATA
    DC                  NO
    EDITABLE            YES
    EXCEEDS 16MB        NO
    EXECUTABLE          YES
    LONGPARM            NO
    MIGRATABLE          NO
    OL                  NO
    OVLY                NO
    PACK,PRIME          NO,NO
    PAGE ALIGN          NO
    REFR                NO
    RENT                YES
    REUS                YES
    RMODE               ANY
    SCTR                NO
    SIGN                NO
    SSI
    SYM GENERATED       NO
    TEST                NO
    XPLINK              NO
    MODULE SIZE (HEX)   00002B14
    DASD SIZE (HEX)     0000D000


1 ENTRY POINT AND ALIAS SUMMARY:

  NAME:            ENTRY TYPE AMODE C_OFFSET CLASS NAME        STATUS

  HCIPDB01          MAIN_EP      31 00000000 C_CODE

                          *** E N D   O F   O P E R A T I O N   S U M M A R Y   R E P O R T ***




1z/OS V2 R2 BINDER     08:20:22 MONDAY OCTOBER 26, 2020
 BATCH EMULATOR  JOB(DBBS3   ) STEP(*OMVSEX ) PGM= IEWBLINK
 IEW2008I 0F03 PROCESSING COMPLETED.  RETURN CODE =  0.



1----------------------
 MESSAGE SUMMARY REPORT
 ----------------------
  TERMINAL MESSAGES      (SEVERITY = 16)
  NONE

  SEVERE MESSAGES        (SEVERITY = 12)
  NONE

  ERROR MESSAGES         (SEVERITY = 08)
  NONE

  WARNING MESSAGES       (SEVERITY = 04)
  NONE

  INFORMATIONAL MESSAGES (SEVERITY = 00)
  2008  2278  2322


  **** END OF MESSAGE SUMMARY REPORT ****

